
7月 26, 2019 12:02:08.14 NEW SESSION
7月 26, 2019 12:02:08.14 [Child 10536, Chrome_ChildThread] WARNING: pipe error: 109: file z:/task_1563383129/build/src/ipc/chromium/src/chrome/common/ipc_channel_win.cc, line 341
7月 26, 2019 12:02:08.14 [Child 9536, Chrome_ChildThread] WARNING: pipe error: 109: file z:/task_1563383129/build/src/ipc/chromium/src/chrome/common/ipc_channel_win.cc, line 341
7月 26, 2019 12:02:08.14 [Parent 2532, Gecko_IOThread] WARNING: pipe error: 109: file z:/task_1563383129/build/src/ipc/chromium/src/chrome/common/ipc_channel_win.cc, line 341
7月 26, 2019 12:02:08.14 [Parent 2532, Gecko_IOThread] WARNING: pipe error: 109: file z:/task_1563383129/build/src/ipc/chromium/src/chrome/common/ipc_channel_win.cc, line 341
7月 26, 2019 12:02:08.15 [Child 6796, Chrome_ChildThread] WARNING: pipe error: 109: file z:/task_1563383129/build/src/ipc/chromium/src/chrome/common/ipc_channel_win.cc, line 341
7月 26, 2019 12:02:08.15 [Child 6796, Chrome_ChildThread] WARNING: pipe error: 109: file z:/task_1563383129/build/src/ipc/chromium/src/chrome/common/ipc_channel_win.cc, line 341
7月 26, 2019 12:02:08.15 [Child 4012, Chrome_ChildThread] WARNING: pipe error: 109: file z:/task_1563383129/build/src/ipc/chromium/src/chrome/common/ipc_channel_win.cc, line 341
7月 26, 2019 12:02:08.16 [Child 4012, Chrome_ChildThread] WARNING: pipe error: 109: file z:/task_1563383129/build/src/i[Parent 2532, Gecko_IOThread] WARNING: pipe error: 109: file z:/task_1563383129/build/src/ipc/chromium/src/chrome/common/ipc_channel_win.cc, line 341
7月 26, 2019 12:02:08.27 
7月 26, 2019 12:02:08.27 ###!!! [Child][MessageChannel::SendAndWait] Error: Channel error: cannot send/recv
7月 26, 2019 12:02:08.27 

7月 26, 2019 14:24:33.21 NEW SESSION
7月 26, 2019 14:24:33.21 [Child 7840, Chrome_ChildThread] WARNING: pipe error: 109: file z:/task_1563383129/build/src/ipc/chromium/src/chrome/common/ipc_channel_win.cc, line 341
7月 26, 2019 14:24:33.32 [Child 7840, Chrome_ChildThread] WARNING: pipe error: 109: file z:/task_1563383129/build/src/ipc/chromium/src/chrome/common/ipc_channel_win.cc, line 341
7月 26, 2019 14:24:33.32 [Child 11280, Chrome_ChildThread] WARNING: pipe error: 109: file z:/task_1563383129/build/src/ipc/chromium/src/chrome/common/ipc_channel_win.cc, line 341
7月 26, 2019 14:24:33.32 [Child 11280, Chrome_ChildThread] WARNING: pipe error: 109: file z:/task_1563383129/build/src/ipc/chromium[Ch/sild 8796, rcChrome/c_ChilhrdThread] WARNING: piope emerro/comr: 109: file z:/task_15633831m2on9/build/sr/ic/ipc/chpc_chanronemil_uwim/srcn./chromecc,/ lcomine 3m41o
7月 26, 2019 14:24:33.32 n/ipc_channel_win.cc, line 341
7月 26, 2019 14:24:33.32 [Child 8796, Chrome_ChildThread] WARNING: pipe error: 109: file z:/task_1563383129/build/src/ipc/chromium/src/chrome/common/ipc_channel_win.cc, line 341
7月 26, 2019 14:24:33.34 [Parent 9328, Gecko_IOThread] WARNING: pipe error: 109: file z:/task_1563383129/build/src/ipc/chromium/src/chrome/common/ipc_channel_win.cc, line 341
7月 26, 2019 14:24:33.34 [Parent 9328, Gecko_IOThread] WARNING: pipe error: 109: file z:/task_1563383129/build/src/ipc/chromium/src/chrome/common/ipc_channel_win.cc, line 341
7月 26, 2019 14:24:33.34 [Parent 9328, Gecko_IOThread] WARNING: pipe error: 109: file z:/task_1563383129/build/src/ipc/chromium/src/chrome/common/ipc_channel_win.cc, line 341
7月 26, 2019 14:24:33.34 [Child 12836, Chrome_ChildThread] WARNING: pipe error: 109: file z:/task_1563383129/build/src/ipc/chromium/src/chrome/common/ipc_channel_win.cc, line 341
7月 26, 2019 14:24:33.34 [Child 12836,[C Chhild rome1_C1600, Chrome_ChildThread] WARNING: pipe error: 109: file z:/task_1563383129/build/src/ipc/chromium/src/chrome/common/ipc_channel_win.hildThread] WARNING: pipe error: 109: file z:/task_1563[Child 12992, Cchr3c8o,3m el1_i2n9Chie/lbd u3iT4lhdread] WA/1s
7月 26, 2019 14:24:33.34 Rrc/iNING: pipe[ epCrrchil/chodrr :1 o1m61i00u09,:m /C sfrhroicml/eec_hC z:/task_1563383129/build/src/ipc/chromium/src/chrome/common/ipc_channel_win.cc, line 341
7月 26, 2019 14:33:50.23 [Child 12992, Chrome_ChildThread] WA[Parent 9328, Gecko_IOThread] WARNING: pipe error: 109: file z:/task_1563383129/build/src/ipc/chromium/src/chrome/common/ipc_channel_win.cc, line 341
7月 26, 2019 14:33:50.23 [Child 13008, Chrome_ChildThread] WARNING: pipe error: 109: file z:/task_1563383129/build/src/ipc/chromium/src/chrome/common/ipc_channel_win.cc, line 341
7月 26, 2019 14:33:50.23 [Child 13008, Chrome_ChildThread] WARNING: pipe error: 109: file z:/task_1563383129/build/src/ipc/chromium/src/chrome/common/ipc_channel_win.cc, line 341
7月 26, 2019 14:33:50.35 [Parent 9328, Gecko_IOThread] WARNING: pipe error: 109: file z:/task_1563383129/build/src/ipc/chromium/src/chrome/common/ipc_channel_win.cc, line 341
7月 26, 2019 14:33:50.35 [Parent 9328, Gecko_IOThread] WARNING: pipe error: 109: file z:/task_1563[Ch383ild 1129273/bu2, Chrome_ChiildldTh/src/ipc/reachrd] WARNINoG: miupipm/src/e echromerro/commor: 109: file z:/task_1563383129/build/src/ipcn/ipc_channel_win.cc, line 341
7月 26, 2019 14:33:50.36 /chromium/src/chrome/common/ipc_channel_win.cc, line 341
7月 26, 2019 14:33:50.36 [Child 12732, Chrome_ChildThread] WARNING: pipe error: 109: file z:/task_1563383129/build/src/ipc/chromium/src/chrome/common/ipc_channel_win.cc, line 341
7月 26, 2019 14:33:50.36 [Child 11420, Chrome_ChildThread] WARNING: pipe error: 109: file z:/task_1563383129/build/src/ipc/chromium/src/chrome/common/ipc_channel_win.cc, line 341
7月 26, 2019 14:33:50.36 [Child 11420, Chrome_ChildThread] WARNING: pipe error: 109: file z:/task_1563383129/build/src/ipc/chromium/src/chrome/common/ipc_channel_win.cc, line 341
7月 26, 2019 14:33:50.36 [Child 5756, Chrome_ChildThread] WARNING: pipe error: 109: file z:/task_1563383129/build/src/ipc/chromium/src/chrome/common/ipc_channel_win.cc, line 341
7月 26, 2019 14:33:50.36 [Child 5756, Chrome_ChildThread] WARNING: pipe error: 109: file z:/task_1563383129/build/src/ipc/chromium/src/chrome/common/ipc_channel_win.cc, line 341
7月 26, 2019 15:25:13.53 [Child 12600, Chrome_ChildThread] WARNING: pipe error: 109: file z:/task_1563383129/build/src/ipc/chromium/src/chrome/common/ipc_channel_win.cc, line 341
7月 26, 2019 15:25:13.53 [Child 12600, Chrome_ChildThread] WARNING: pipe error: 109: file z:/task_1563383129/build/src/ipc/chromium/src/chrome/common/ipc_channel_win.cc[Child 6648, Chrome_ChildThread] WARNING: pipe error: 109: file z:/task_1563383129/build/src/ipc/chromium/src/chrome/common/ipc_channel_win.cc, line 341
7月 26, 2019 15:25:13.53 [Child 6648, Chrome_ChildThread] WARNING: pipe error: 109: file z:/task_1563383129/build/src/ipc/chromium/src/chrome/common/ipc_channel_win.cc, line 341
7月 26, 2019 15:25:13.64 [Parent 9328, Gecko_IOThread] WARNING: pipe error: 109: file z:/task_1563383129/build/src/ipc/chromium/src/chrome/common/ipc_channel_win.cc, line 341
7月 26, 2019 15:25:13.64 [Parent 9328, Gecko_IOThread] WARNING: pipe error: 109: file z:/task_1563383129/build/src/ipc/chromium/src/chrome/common/ipc_channel_win.cc, line 341
7月 26, 2019 15:25:13.64 [Parent 9328, Gecko_IOThread] WARNING: pipe error: 109: file z:/task_1563383129/build/src/ipc/chromium/src/chrome/common/ipc_channel_win.cc, line 341
7月 26, 2019 15:25:13.64 [Child 3316, Chrome_ChildThread] WARNING: pipe error: 109: file z:/task_1563383129/build/src/ipc/chromium/src/chrome/common/ipc_channel_win.cc, line 341
7月 26, 2019 15:25:13.64 [Child 3316, Chrome_ChildThread] WARNING: pipe error: 109: file z:/task_1563383129/build/src/ipc/chromium/src/chrome/common/ipc_channel_win.cc, line 341
7月 26, 2019 15:25:13.64 [Child 3728, Chrome_ChildThread] WARNING: pipe error: 109: file z:/task_1563383129/build/src/ipc/chromium/src/chrome/common/ipc_channel_win.cc, line 341
7月 26, 2019 15:25:13.64 [Child 3728, Chrome_ChildThread] WARNING: pipe error: 109: file z:/task_1563383129/build/src/ipc/chromium/src/chrome/common/ipc_channel_win.cc, line 341
7月 26, 2019 15:25:13.65 [Child 1672, Chrome_ChildThread] WARNING: pipe error: 109: file z:/task_1563383129/build/src/ipc/chromium/src/chrome/common/ipc_channel_win.cc, line 341
7月 26, 2019 15:25:13.65 [Child 1672, Chrome_ChildThread] WARNING: pipe error: 109: file z:/task_1563383129/build/src/ipc/chromium/src/chrome/common/ipc_channel_win.cc, line 341
7月 26, 2019 15:27:46.23 [Parent 9328, Gecko_IOThread] WARNING: pipe error: 109: file z:/task_1563383129/build/src/ipc/chromium/src/chrome/common/ipc_channel_win.cc, line 341
7月 26, 2019 15:27:46.23 [Parent 9328, Gecko_IOThread] WARNING: pipe error: 109: file z:/task_1563383129/build/src/ipc/chromium/src/chrome/common/ipc_channel_win.cc, line 341
7月 26, 2019 15:27:46.23 [Child 12392, Chrome_ChildThread] WARNING: pipe error: 109: file z:/task_1563383129/build/src/ipc/chromium/src/chrome/common/ipc_channel_win.cc, line 341
7月 26, 2019 15:27:46.24 [Child 12572, Chrome_ChildThread] WARNING: pipe error: 109: file z:/task_1563383129/build/src/ipc/chromium/src/chrome/common/ipc_channel_win.cc, line 341
7月 26, 2019 15:27:46.24 [Child 12572, Chrome_ChildThread] WARNING: pipe error: 109: file z:/task_1563383129/build/src/ipc/chromium/src/chrome/common/ipc_channel_win.cc, line 341
7月 26, 2019 15:27:46.26 [Parent 9328, Gecko_IOThread] WARNING: pipe error: 109: file z:/task_1563383129/build/src/ipc/chromium/src/chrome/common/ipc_channel_win.cc, line 341
7月 26, 2019 15:27:46.34 
7月 26, 2019 15:27:46.34 ###!!! [Child][RunMessage] Error: Channel closing: too late to send/recv, messages will be lost
7月 26, 2019 15:27:46.34 
7月 26, 2019 15:27:46.37 [GPU 9332, Chrome_ChildThread] WARNING: pipe error: 109: file z:/task
7月 26, 2019 15:27:46.37 ###!!! [Child][MessageChannel::SendAndWait] Error: Channel error: cannot send/recv
7月 26, 2019 15:27:46.38 
7月 26, 2019 15:54:01.10 [Parent 6916, Gecko_IOThread] WARNING: pipe error: 109: file z:/task_1563383129/build/src/ipc/chromium/src/chrome/common/ipc_channel_win.cc, line 341
7月 26, 2019 15:54:01.10 [Parent 6916, Gecko_IOThread] WARNING: pipe error: 109: file z:/task_1563383129/build/src/ipc/chromium/src/chrome/common/ipc_channel_win.cc, line 341
7月 26, 2019 15:54:01.11 [Child 12528, Chrome_ChildThread] WARNING: pipe error: 109: file z:/task_1563383129/build/src/ipc/chromium/src/chrome/common/ipc_channel_win.cc, line 341
7月 26, 2019 15:54:01.11 [Child 6920, Chrome_ChildThread] WARNING: pipe error: 109: file z:/task_1563383129/build/src/ipc/chromium/src/chrome/common/ipc_channel_win.cc, line 341
7月 26, 2019 15:54:01.11 [Child 6920, Chrome_ChildThread] WARNING: pipe error: 109: file z:/task_1563383129/build/src/ipc/chromium/src/chrome/common/ipc_channel_win.cc, line 341
7月 26, 2019 15:54:01.11 [Child 12088, Chrome_ChildThread] WARNING: pipe error: 109: file z:/task_1563383129/build/src/ipc/chromium/src/chrome/common/ipc_channel_win.cc, line 341
7月 26, 2019 15:54:01.12 [Child 12388, Chrome_ChildThread] WARNING: pipe error: 109: file z:/task_1563383129/build/src/ipc/chromium/src/chrome/common/ipc_channel_win.cc, line 341
7月 26, 2019 15:54:01.12 [Child 12388, Chrome_ChildThread] WARNING: pipe error: 109: file z:/task_1563383129/build/src/ipc/chromium/src/chrome/common/ipc_channel_win.cc, line 341
7月 26, 2019 15:54:01.12 [Parent 6916, Gecko_IOThread] WARNING: pipe error: 109: file z:/task_1563383129/build/src/ipc/chromium/src/chrome/common/ipc_channel_win.cc, line 341
7月 26, 2019 15:54:01.12 [Child 280, Chrome_ChildThread] WARNING: pipe error: 109: file z:/task_1563383129/build/src/ipc/chromium/src/chrome/common/ipc_channel_win.cc, line 341
7月 26, 2019 15:54:01.12 [Child 280, Chrome_ChildThread] WARNING: pipe error: 109: file z:/task_1563383129/build/src/ipc/chromium/src/chrome/common/ipc_channel_win.cc, line 341
7月 26, 2019 15:54:01.25 
7月 26, 2019 15:54:01.25 ###!!! [Child][MessageChannel::SendAndWait] Error: Channel error: cannot send/recv
7月 26, 2019 15:54:01.25 
7月 26, 2019 15:56:59.19 [GPU 14112, 
7月 26, 2019 15:56:59.19 ###!!! [Child][RunMessage] Error: Channel closing: too late to send/recv, messages will be lost
7月 26, 2019 15:56:59.19 
7月 26, 2019 15:56:59.19 Chrome_ChildThread] WARNING: pipe error: 109: file z:/task_1563383129/build/src/ipc/chromium/src/chrome/common/ipc_channel_win.cc, line 341
7月 26, 2019 15:56:59.21 
7月 26, 2019 15:56:59.21 ###!!! [Child][MessageChannel::SendAndWait] Error: Channel error: cannot send/recv
7月 26, 2019 15:56:59.21 
7月 26, 2019 16:54:03.58 [Parent 5784, Gecko_IOThread] WARNING: pipe error: 109: file z:/task_1563383129/build/src/ipc/chromium/src/chrome/common/ipc_channel_win.cc, line 341
7月 26, 2019 16:54:03.59 [Child 4208, Chrome_ChildThread] WARNING: pipe error: 109: file z:/task_1563383129/build/src/ipc/chromium/src/chrome/common/ipc_channel_win.cc, line 341
7月 26, 2019 16:54:03.59 [Child 10308, Chrome_ChildThread] WARNING: pipe error: 109: file z:/task_1563383129/build/src/ipc/chromium/src/chrome/common/ipc_channel_win.cc, line 341
7月 26, 2019 16:54:03.60 [Child 10308, Chrome_ChildThread] WARNING: pipe error: 109: file z:/task_1563383129/build/src/ipc/chromium/src/chrome/common/ipc_channel_win.cc, line 341
7月 26, 2019 16:54:03.60 [Child 3972, Chrome_ChildThread] WARNING: pipe error: 109: file z:/task_1563383129/build/src/ipc/chromium/src/chrome/common/ipc_channel_win.cc, line 341
7月 26, 2019 16:54:03.60 [Child 3972, Chrome_ChildThread] WARNING: pipe error: 109: file z:/task_1563383129/build/src/ipc/chromium/src/chrome/common/ipc_channel_win.cc, line 341
7月 26, 2019 16:54:03.60 [Child 13604, Chrome_ChildThread] WARNING: pipe error: 109: file z:/task_1563383129/build/src/ipc/chromium/src/chrome/common/ipc_channel_win.cc, line 341
7月 26, 2019 16:54:03.60 [Child 13604, Chrome_ChildThread] WARNING: pipe error: 109: file z:/task_1563383129/build/src/ipc/chromium/src/chrome/common/ipc_channel_win.cc, line 341
7月 26, 2019 16:54:03.60 [Child 5304, Chrome_ChildThread] WARNING: pipe error: 109: file z:/task_1563383129/build/src/ipc/chromium/src/chrome/common/ipc_channel_win.cc, line 341
7月 26, 2019 16:54:03.70 [Child 5304, Chrome_ChildThread] WARNING: pipe error: 109: file z:/task_1563383129/build/s[
7月 26, 2019 16:54:03.70 ###!!! [Child][RunMessage] Error: Channel closing: too late to send/recv, messages will be lost
7月 26, 2019 16:54:03.70 
7月 26, 2019 16:54:03.73 
7月 26, 2019 16:54:03.73 ###!!! [Child][MessageChannel::SendAndWait] Error: Channel error: cannot send/recv
7月 26, 2019 16:54:03.73 
7月 26, 2019 17:36:29.47 [Parent 15224, Gecko_IOThread] WARNING: pipe error: 109: file z:/task_1563383129/build/src/ipc/chromium/src/chrome/common/ipc_channel_win.cc, line 341
7月 26, 2019 17:36:29.47 [Parent 15224, Gecko_IOThread] WARNING: pipe error: 109: file z:/task_1563383129/build/src/ipc/chromium/src/chrome/common/ipc_channel_win.cc, line 341
7月 26, 2019 17:36:29.47 [Child 9984, Chrome_ChildThread] WARNING: pipe error: 109: file z:/task_1563383129/build/src/ipc/chromium/src/chrome/common/ipc_channel_win.cc, line 341
7月 26, 2019 17:36:29.47 [Child 9984, Chrome_ChildThread] WARNING: pipe error: 109: file z:/ta[Child 12520, Chrome_ChildThread] WARNING: pipe error: 109: file z:/task_1563383129/build/src/ipc/chromium/src/chrome/common/ipc_channel_win.cc, line 341
7月 26, 2019 17:36:29.47 [Child 12520, Chrome_ChildThread] WARNING: pipe error: 109: file z:/task_1563383129/build/src/ipc/chromium/src/chrome/common/ipc_channel_win.cc, line 341
7月 26, 2019 17:36:29.47 [Child 11192, Chrome_ChildThread] WARNING: pipe error: 109: file z:/task_1563383129/build/src/ipc/chromium/src/chrome/common/ipc_channel_win.cc, line 341
7月 26, 2019 17:36:29.48 [Child 2992, Chrome_ChildThread] WARNING: pipe error: 109: file z:/task_1563383129/build/src/ipc/chromium/src/chrome/common/ipc_channel_win.cc, line 341
7月 26, 2019 17:36:29.50 [Parent 15224, Gecko_IOThread] WARNING: pipe error: 109: file z:/task_1563383129/build/src/ipc/chromium/src/chrome/common/ipc_channel_win.cc, line 341
7月 26, 2019 17:36:29.58 [GP
7月 26, 2019 17:36:29.58 ###!!! [Child][RunMessage] Error: Channel closing: too late to send/recv, messages will be lost
7月 26, 2019 17:36:29.58 
7月 26, 2019 17:36:29.60 U 6064, Chrome_ChildThread] WARNING: pipe error: 109: fil
7月 26, 2019 17:36:29.60 ###!!! [Child][MessageChannel::SendAndWait] Error: Channel error: cannot send/recv
7月 26, 2019 17:36:29.60 
7月 26, 2019 17:51:10.67 [Parent 11836, Gecko_IOThread] WARNING: pipe error: 109: file z:/task_1563383129/build/src/ipc/chromium/src/chrome/common/ipc_channel_win.cc, line 341
7月 26, 2019 17:51:10.69 [Child 10176, Chrome_ChildThread] WARNING: pipe error: 109: file z:/task_1563383129/build/src/ipc/chromium/src/chrome/common/ipc_channel_win.cc, line 341
7月 26, 2019 17:51:10.70 [Parent 11836, Gecko_IOThread] WARNING: pipe error: 109: file z:/task_1563383129/build/src/ipc/chromium/src/chrome/common/ipc_channel_win.cc, line 341
7月 26, 2019 17:51:10.77 
7月 26, 2019 17:51:10.77 ###!!! [Child][RunMessage] Error: Channel closing: too late to send/recv, messages will be lost
7月 26, 2019 17:51:10.77 
7月 26, 2019 17:51:10.79 [GPU 12300, Chrome_ChildThread] WARNING: pipe error: 109: file z:/task_1563383129/build/src/ipc/chromium/src/chrome/common/
7月 26, 2019 17:51:10.79 ###!!! [Child][MessageChannel::SendAndWait] Error: Channel error: cannot send/recv
7月 26, 2019 17:51:10.79 

7月 27, 2019 10:46:20.48 NEW SESSION
7月 27, 2019 10:46:20.48 [Parent 1132, Gecko_IOThread] WARNING: pipe error: 109: file z:/task_1563383129/build/src/ipc/chromium/src/chrome/common/ipc_channel_win.cc, line 341
7月 27, 2019 10:46:20.83 [Parent 1132, Gecko_IOThread] WARNING: pipe error: 109: file z:/task_1563383129/build/src/ipc/chromium/src/chrome/common/ipc_channel_win.cc, line 341
7月 27, 2019 10:46:20.83 [Parent 1132, Gecko_IOThread] WARNING: pipe error: 109: file z:/task_1563383129/build/src/ipc/chromium/src/chrome/common/ipc_channel_win.cc, line 341
7月 27, 2019 10:46:20.83 [Child 12360, Chrome_ChildThread] WARNING: pipe error: 109: file z:/task_1563383129/build/src/ipc/chromium/src/chrome/common/ipc_channel_win.cc, line 341
7月 27, 2019 10:46:20.83 [Child 12360, Chrome_ChildThread] WARNING: pipe error: 109: file z:/task_1563383129/build/src/ipc/chromium/src/chro[Child 4724, Chrome_ChildThread] WARNING: pipe error: 109: file z:/task_1563383129/build/src/ipc/chromium/src/chrome/common/ipc_channel_win.cc, line 341
7月 27, 2019 10:46:20.83 [Child 4724, Chrome_ChildThread] WARNING: pipe error: 109: file z:/task_1563383129/build/src/ipc/chromium/src/chrome/common/ipc_channel_win.cc, line 341
7月 27, 2019 10:46:20.84 [Child 4376, Chrome_ChildThread] WARNING: pipe error: 109: file z:/task_1563383129/build/src/ipc/chromium/src/chrome/common/ipc_channel_win.cc, line 341
7月 27, 2019 10:46:20.84 [Child 4376, Chrome_ChildThread] WARNING: pipe erro[Child 2504, Chrome_ChildThread] WARNING: pipe error: 109: file z:/task_1563383129/build/src/ipc/chromium/src/chrome/common/ipc_channel_win.cc, line 341
7月 27, 2019 10:46:20.84 [Child 2504, Chrome_ChildThread] WARNING: pipe error: 109: file z:/task_1563383129/build/src/ipc/chromium/src/chrome/common/ipc_channel_win.cc, line 341
7月 27, 2019 10:46:20.84 [Parent 1132, Gecko_IOThread] WARNING: pipe error: 109: file z:/task_1563383129/build/src/ipc/chromium/src/chrome/common/ipc_channel_win.cc, line 341
7月 27, 2019 10:46:20.84 [Child 7408, Chrome_ChildThread] WARNING: pipe error: 109: file z:/task_1563383129/build/src/ipc/chromium/src/chrome/common/ipc_channel_win.cc, line 341
7月 27, 2019 10:46:20.84 [Parent 1132, Gecko_IOThread] WARNING: pipe error: 109: file z:/task_1563383129/build/src/ipc/chromium/src/chrome/common/ipc_channel_win.cc, line 341
7月 27, 2019 10:46:20.84 [Child 3132, Chrome_ChildThread] WARNING: pipe error: 109: file z:/task_1563383129/build/src/ipc/chromium/src/chrome/common/ipc_channel_win.cc, line 341
7月 27, 2019 10:46:20.84 [Child 3132, Chrome_ChildThread] WARNING: pipe error: 109: file z:/task_1563383129/build/src/ipc/chromium/src/chr[Pomea/rent 1132, Gecko_IOThread] WARNING: pipe error: 109: file z:/task_1563383129/build/src/ipc/chromium/src/chrome/common/ipc_channel_win.cc, line 341
7月 27, 2019 10:55:47.86 [Child 10248, Chrome_ChildThread] WARNING: pipe error: 109: file z:/task_1563383129/build/src/ipc/ch[Parent 1132, Gecko_IOThread] WARNING: pipe error: 109: file z:/task_1563383129/build/src/ipc/chromium/src/chrome/common/ipc_channel_win.cc, line 341
7月 27, 2019 10:55:47.87 [Parent 1132, Gecko_IOThread] WARNING: pipe error: 109: file z:/task_1563383129/build/src/ipc/chromium/src/chrome/common/ipc_channel_win.cc, line 341
7月 27, 2019 10:55:47.87 [Parent 1132, Gecko_IOThread] WARNING: pipe error: 109: file z:/task_1563383129/build/src/ipc/chromium/src/chrome/common/ipc_channel_win.cc, line 341
7月 27, 2019 10:55:47.88 [Parent 1132, Gecko_IOThread] WARNING: pipe error: 109: file z:/task_1563383129/build/src/ipc/chromium/src/chrome/common/ipc_channel_win.cc, line 341
7月 27, 2019 10:55:47.88 [Child 2536, Chrome_ChildThread] WARNING: pipe error: 109: file z:/task_1563383129/build/src/ipc/chromium/src/chrome/common/ipc_channel_win.cc, line 341
7月 27, 2019 10:55:47.89 [Child 11836, Chrome_ChildThread] WARNING: pipe error: 109: file z:/task_1563383129/build/src/ipc/chromium/src/chrome/common/ipc_channel_win.cc, line 341
7月 27, 2019 10:55:47.89 [Child 11836, Chrome_ChildThread] WARNING: pipe error: 109: file z:/task_1563383129/build/src/ipc/chromium/src/chrome/common/ipc_channel_win.cc, line 341
7月 27, 2019 10:55:48.03 
7月 27, 2019 10:55:48.03 ###!!! [Child][RunMessage] Error: Channel closing: too late to send/recv, messages will be lost
7月 27, 2019 10:55:48.03 
7月 27, 2019 10:55:48.03 [GPU 6936, Chrome_ChildThread] WARNING: pipe error: 109: file z:/task_1563383129/build/src/ipc/chromium/src/chrome/common/ipc_channel_win.cc, line 341
7月 27, 2019 10:55:48.09 
7月 27, 2019 10:55:48.09 ###!!! [Child][MessageChannel::SendAndWait] Error: Channel error: cannot send/recv
7月 27, 2019 10:55:48.09 
7月 27, 2019 11:11:23.11 [Parent 3452, Gecko_IOThread] WARNING: pipe error: 109: file z:/task_1563383129/build/src/ipc/chromium/src/chrome/common/ipc_channel_win.cc, line 341
7月 27, 2019 11:11:23.11 [Child 11728, Chrome_ChildThread] WARNING: pipe error: 109: file z:/task_1563383129/build/src/ipc/chromium/src/chrome/common/ipc_channel_win.cc, line 341
7月 27, 2019 11:11:23.11 [Child 11728, Chrome_ChildThread] WARNING: pipe error: 109: file z:/task_1563383129/build/src/ipc/chromium/src/chrome/common/ipc_channel_win.cc, line 341
7月 27, 2019 11:11:23.84 [Child 13564, Chrome_ChildThread] WARNING: pipe error: 109: file z:/task_1563383129/build/src/ipc/chromium/src/chrome/common/ipc_channel_win.cc, line 341
7月 27, 2019 11:57:43.77 [Parent 3452, Gecko_IOThread] WARNING: pipe error: 109: file z:/task_1563383129/build/src/ipc/chromium/src/chrome/common/ipc_channel_win.cc, line 341
7月 27, 2019 11:57:43.78 [Child 7324, Chrome_ChildThread] WARNING: pipe error: 109: file z:/task_1563383129/build/src/ipc/chromium/src/chrome/common/ipc_channel_win.cc, line 341
7月 27, 2019 11:57:43.80 [Parent 3452, Gecko_IOThread] WARNING: pipe error: 109: file z:/task_1563383129/build/src/ipc/chromium/src/chrome/common/ipc_channel_win.cc, line 341
7月 27, 2019 11:57:43.80 [Parent 3452, Gecko_IOThread] WARNING: pipe error: 109: file z:/task_1563383129/build/src/ipc/chromium/src/chrome/common/ipc_channel_win.cc, line 341
7月 27, 2019 11:57:43.81 [Parent 3452, Gecko_IOThread] WARNING: pipe error: 109: file z:/task_1563383129/build/src/ipc/chromium/src/chrome/common/ipc_channel_win.cc, line 341
7月 27, 2019 11:57:43.81 [Parent 3452, Gecko_IOThread] WARNING: pipe error: 109: file z:/task_1563383129/build/src/ipc/chromium/src/chrome/common/ipc_channel_win.cc, line 341
7月 27, 2019 11:57:43.81 [Parent 3452, Gecko_IOThread] WARNING: pipe error: 109: file z:/task_1563383129/build/src/ipc/chromium/src/chrome/common/ipc_channel_win.cc, line 341
7月 27, 2019 11:57:43.82 [Child 11676, Chrome_ChildThread] WARNING: pipe error: 109: file z:/task_1563383129/build/src/ipc/chromium/src/chrome/common/ipc_channel_win.cc, line 341
7月 27, 2019 11:57:43.82 [Child 7636, Chrome_ChildThread] WARNING: pipe error: 109: file z:/task_1563383129/build/src/ipc/chromium/src/chrome/common/ipc_channel_win.cc, line 341
7月 27, 2019 11:57:43.82 [Child 15948, Chrome_ChildThread] WARNING: pipe error: 109: file z:/task_1563383129/build/src/ipc/chromium/src/chrome/common/ipc_channel_win.cc, line 341
7月 27, 2019 11:57:43.82 [Child 15948, Chrome_ChildThread] WARNING: pipe error: 109: file z:/task_1563383129/build/src/ipc/chromium/src/chrome/common/ipc_channel_win.cc, line 341
7月 27, 2019 11:57:43.83 [Child 14340, Chrome_ChildThread] WARNING: pipe error: 109: file z:/task_1563383129/build/src/ipc/chromium/src/chrome/common/ipc_channel_win.cc, line 341
7月 27, 2019 11:57:43.83 [Child 14340, Chrome_ChildThread] WARNING: pipe error: 109: file z:/task_1563383129/build/src/ipc/chromium/src/chrome/common/ipc_channel_win.cc, line 341
7月 27, 2019 11:57:43.83 [Child 14436, Chrome_ChildThread] WARNING: pipe error: 109: file z:/task_1563383129/build/src/ipc/chromium/src/chrome/common/ipc_channel_win.cc, line 341
7月 27, 2019 11:57:43.83 [Child 14436, Chrome_ChildThread] WARNING: pipe error: 109: file z:/task_1563383129/build/src/ipc/chromium/src/chrome/common/ipc_channel_win.cc, line 341
7月 27, 2019 11:57:43.93 
7月 27, 2019 11:57:43.93 ###!!! [Child][RunMessage] Error: Channel closing: too late to send/recv, messages will be lost
7月 27, 2019 11:57:43.93 
7月 27, 2019 11:57:43.98 
7月 27, 2019 11:57:43.98 ###!!! [Child][MessageChannel::SendAndWait] Error: Channel error: cannot send/recv
7月 27, 2019 11:57:43.98 

7月 27, 2019 15:40:55.85 NEW SESSION
7月 27, 2019 15:40:55.85 [Parent 2000, Gecko_IOThread] WARNING: pipe error: 109: file z:/task_1563383129/build/src/ipc/chromium/src/chrome/common/ipc_channel_win.cc, line 341
7月 27, 2019 15:40:55.94 [Child 11996, Chrome_ChildThread] WARNING: pipe error: 109: file z:/task_1563383129/build/src/ipc/chromium/src/chrome/common/ipc_channel_win.cc, line 341
7月 27, 2019 15:40:55.98 [GPU 11528, Chrome_ChildThread
7月 27, 2019 15:40:55.98 ###!!! [Child][RunMessage] Error: Channel closing: too late to send/recv, messages will be lost
7月 27, 2019 15:40:55.98 
7月 27, 2019 15:40:55.98 ] WARNING: pipe error: 109: file z:/task_1563383129/build/src/ipc/chromium/src/chrome/common/ipc_channel_win.cc, line 341
7月 27, 2019 15:40:56.00 
7月 27, 2019 15:40:56.00 ###!!! [Child][MessageChannel::SendAndWait] Error: Channel error: cannot send/recv
7月 27, 2019 15:40:56.00 

7月 29, 2019 09:15:13.57 NEW SESSION
7月 29, 2019 09:15:13.57 [Parent 9460, Gecko_IOThread] WARNING: pipe error: 109: file z:/task_1563383129/build/src/ipc/chromium/src/chrome/common/ipc_channel_win.cc, line 341
7月 29, 2019 09:21:52.79 [Parent 9460, Gecko_IOThread] WARNING: pipe error: 109: file z:/task_1563383129/build/src/ipc/chromium/src/chrome/common/ipc_channel_win.cc, line 341
7月 29, 2019 09:21:52.79 [Parent 9460, Gecko_IOThread] WARNING: pipe error: 109: file z:/task_1563383129/build/src/ipc/chromium/src/chrome/common/ipc_channel_win.cc, line 341
7月 29, 2019 09:21:52.79 [Parent 9460, Gecko_IOThread] WARNING: pipe error: 109: file z:/task_1563383129/build/src/ipc/chromium/src/chrome/common/ipc_channel_win.cc, line 341
7月 29, 2019 09:21:52.80 [Child 9428, Chrome_ChildThread] WARNING: pipe error: 109: file z:/task_1563383129/build/src/ipc/chromium/src/chrome/common/ipc_channel_win.cc, line 341
7月 29, 2019 09:21:52.80 [Child 9428, Chrome_ChildThread] WARNING: pipe error: 109: file z:/task_1563383129/build/src/ipc/chromium/src/chrome/common/ipc_channel_win.cc, line 341
7月 29, 2019 09:21:52.80 [Child 4892, Chrome_ChildThread] WARNING: pipe error: 109: file z:/task_1563383129/build/src/ipc/chromium/src/chrome/common/ipc_channel_win.cc, line 341
7月 29, 2019 09:21:52.91 
7月 29, 2019 09:21:52.91 ###!!! [Child][RunMessage] Error: Channel closing: too late to send/recv, messages will be lost
7月 29, 2019 09:21:52.91 
7月 29, 2019 09:21:52.91 [GPU 12244, Chrome_ChildThread] WARNING: pipe error: 109: file z:/task_1563383129/build/src/ipc/chromium/src/chrome/common/ipc_channel_win.cc, line 341
7月 29, 2019 09:21:52.94 
7月 29, 2019 09:21:52.94 ###!!! [Child][MessageChannel::SendAndWait] Error: Channel error: cannot send/recv
7月 29, 2019 09:21:52.94 
7月 29, 2019 09:31:25.98 [Parent 8528, Gecko_IOThread] WARNING: pipe error: 109: file z:/task_1563383129/build/src/ipc/chromium/src/chrome/common/ipc_channel_win.cc, line 341
7月 29, 2019 09:31:25.99 [Child 6804, Chrome_ChildThread] WARNING: pipe error: 109: file z:/task_1563383129/build/src/ipc/chromium/src/chrome/common/ipc_channel_win.cc, line 341
7月 29, 2019 09:31:25.99 [Child 1940, Chrome_ChildThread] WARNING: pipe error: 109: file z:/task_1563383129/build/src/ipc/chromium/src/chrome/common/ipc_channel_win.cc, line 341
7月 29, 2019 09:31:26.02 [Parent 8528, Gecko_IOThread] WARNING: pipe error: 109: file z:/task_1563383129/build/src/ipc/chromium/src/chrome/common/ipc_channel_win.cc, line 341
7月 29, 2019 09:31:26.10 
7月 29, 2019 09:31:26.10 ###!!! [Child][RunMessage] Error: Channel closing: too late to send/recv, messages will be lost
7月 29, 2019 09:31:26.10 
7月 29, 2019 09:31:26.13 [GPU 9860, Chrome_ChildThread] WARNING: pipe error: 109: file z:/task_156338312
7月 29, 2019 09:31:26.13 ###!!! [Child][MessageChannel::SendAndWait] Error: Channel error: cannot send/recv
7月 29, 2019 09:31:26.13 
7月 29, 2019 10:20:05.04 [Parent 13128, Gecko_IOThread] WARNING: pipe error: 109: file z:/task_1563383129/build/src/ipc/chromium/src/chrome/common/ipc_channel_win.cc, line 341
7月 29, 2019 10:20:05.04 [Parent 13128, Gecko_IOThread] WARNING: pipe error: 109: file z:/task_1563383129/build/src/ipc/chromium/src/chrome/common/ipc_channel_win.cc, line 341
7月 29, 2019 10:20:05.04 [Parent 13128, Gecko_IOThread] WARNING: pipe error: 109: file z:/task_1563383129/build/src/ipc/chromium/src/chrome/common/ipc_channel_win.cc, line 341
7月 29, 2019 10:20:05.04 [Parent 13128, Gecko_IOThread] WARNING: pipe error: 109: file z:/task_1563383129/build/src/ipc/chromium/src/chrome/common/ipc_channel_win.cc, line 341
7月 29, 2019 10:20:05.05 [Parent 13128, Gecko_IOThread] WARNING: pipe error: 109: file z:/task_1563383129/build/src/ipc/chromium/src/chrome/common/ipc_channel_win.cc, line 341
7月 29, 2019 10:20:05.05 [Parent 13128, Gecko_IOThread] WARNING: pipe error: 109: file z:/task_1563383129/build/src/ipc/chromium/src/chrome/common/ipc_channel_win.cc, line 341
7月 29, 2019 10:20:05.05 [Child 10912, Chrome_ChildThread] WARNING: pipe error: 109: file z:/task_1563383129/build/src/ipc/chromium/src/chrome/common/ipc_channel_win.cc, line 341
7月 29, 2019 10:20:05.05 [Child 4840, Chrome_ChildThread] WARNING: pipe error: 109: file z:/task_1563383129/build/src/ipc/chromium/src/chrome/common/ipc_channel_win.cc, line 341
7月 29, 2019 10:20:05.05 [Child 4840, Chrome_ChildThread] WARNING: pipe error: 109: file z:/task_1563383129/build/src/ipc/chromium/src/chrome/common/ipc_channel_win.cc, line 341
7月 29, 2019 10:20:05.05 [Child 12048, Chrome_ChildThread] WARNING: pipe error: 109: file z:/task_1563383129/build/src/ipc/chromium/src/chrome/common/ipc_channel_win.cc, line 341
7月 29, 2019 10:20:05.05 [Child 12048, Chrome_ChildThread] WARNING: pipe error: 109: file z:/task_1563383129/build/src/ipc/chromium/src/chrome/common/ipc_channel_win.cc, line 341
7月 29, 2019 10:20:05.05 [Child 10112, Chrome_ChildThread] WARNING: pipe error: 109: file z:/task_1563383129/build/src/ipc/chromium/src/chrome/common/ipc_channel_win.cc, line 341
7月 29, 2019 10:20:05.06 [Child 10808, Chrome_ChildThread] WARNING: pipe error: 109: file z:/task_1563383129/build/src/ipc/chromium/src/chrome/common/ipc_channel_win.cc, line 341
7月 29, 2019 10:20:05.06 [Child 6648, Chrome_ChildThread] WARNING: pipe error: 109: file z:/task_1563383129/build/src/ipc/chromium/src/chrome/common/ipc_channel_win.cc, line 341
7月 29, 2019 10:20:05.19 
7月 29, 2019 10:20:05.19 ###!!! [Child][MessageChannel::SendAndWait] Error: Channel error: cannot send/recv
7月 29, 2019 10:20:05.19 
7月 29, 2019 10:47:14.67 [Parent 9912, Gecko_IOThread] WARNING: pipe error: 109: file z:/task_1563383129/build/src/ipc/chromium/src/chrome/common/ipc_channel_win.cc, line 341
7月 29, 2019 10:47:14.67 [Parent 9912, Gecko_IOThread] WARNING: pipe error: 109: file z:/task_1563383129/build/src/ipc/chromium/src/chrome/common/ipc_channel_win.cc, line 341
7月 29, 2019 10:47:14.68 [Parent 9912, Gecko_IOThread] WARNING: pipe error: 109: file z:/task_1563383129/build/src/ipc/chromium/src/chrome/common/ipc_channel_win.cc, line 341
7月 29, 2019 10:47:14.68 [Parent 9912, Gecko_IOThread] WARNING: pipe error: 109: file z:/task_1563383129/build/src/ipc/chromium/src/chrome/common/ipc_channel_win.cc, line 341
7月 29, 2019 10:47:14.68 [Child 5056, Chrome_ChildThread] WARNING: pipe error: 109: file z:/task_1563383129/build/src/ipc/chromium/src/chrome/common/ipc_channel_win.cc, line 341
7月 29, 2019 10:47:14.68 [Child 5084, Chrome_ChildThread] WARNING: pipe error: 109: file z:/task_1563383129/build/src/ipc/chromium/src/chrome/common/ipc_channel_win.cc, line 341
7月 29, 2019 10:47:14.68 [Child 5084, Chrome_ChildThread] WARNING: pipe error: 109: file z:/task_1563383129/build/src/ipc/chromium/src/chrome/common/ipc_channel_win.cc, line 341
7月 29, 2019 10:47:14.68 [Child 6952, Chrome_ChildThread] WARNING: pipe error: 109: file z:/task_1563383129/build/src/ipc/chromium/src/chrome/common/ipc_channel_win.cc, line 341
7月 29, 2019 10:47:14.69 [Child 6952, Chrome_ChildThread] WARNING: pipe error: 109: file z:[Child 7040, Chrome_ChildThread] WARNING: pipe error: 109: file z:/task_1563383129/build/src/ipc/chromium/src/chrome/common/ipc_channel_win.cc, line 341
7月 29, 2019 10:47:14.69 [Child 7040, Chrome_ChildThread] WARNING: pipe error: 109: file z:/task_1563383129/build/src/ipc/chromium/src/chrome/common/ipc_channel_win.cc, line 341
7月 29, 2019 10:47:14.80 [GPU 14288,
7月 29, 2019 10:47:14.80 ###!!! [Child][RunMessage] Error: Channel closing: too late to send/recv, messages will be lost
7月 29, 2019 10:47:14.80 
7月 29, 2019 10:47:14.80  Chrome_ChildThread] WARNING: pipe error: 109: file z:/task_1563383129/build/src/ipc/chromium/src/chrome/common/ipc_channel_win.cc, line 341
7月 29, 2019 10:47:14.82 
7月 29, 2019 10:47:14.82 ###!!! [Child][MessageChannel::SendAndWait] Error: Channel error: cannot send/recv
7月 29, 2019 10:47:14.82 

7月 30, 2019 10:05:26.39 NEW SESSION
7月 30, 2019 10:05:26.39 [Parent 6676, Gecko_IOThread] WARNING: pipe error: 109: file z:/task_1563383129/build/src/ipc/chromium/src/chrome/common/ipc_channel_win.cc, line 341
7月 30, 2019 10:05:26.49 [Parent 6676, Gecko_IOThread] WARNING: pipe error: 109: file z:/task_1563383129/build/src/ipc/chromium/src/chrome/common/ipc_channel_win.cc, line 341
7月 30, 2019 10:05:26.49 [Child 1672, Chrome_ChildThread] WARNING: pipe error: 109: file z:/task_1563383129/build/src/ipc/chromium/src/chrome/common/ipc_channel_win.cc, line 341
7月 30, 2019 10:05:26.49 [Child 1672, Chrome_ChildThread] WARNING: pipe error: 109: file z:/task_1563383129/build/src/ipc/chromium/src/chrome/common/ipc_channel_win.cc, line 341
7月 30, 2019 10:05:26.49 [Child 12672, Chrome_ChildThread] WARNING: pipe error: 109: file z:/task_1563383129/build/src/ipc/chromium/src/chrome/common/ipc_channel_win.cc, line 341
7月 30, 2019 10:05:26.49 [Child 12672, Chrome_ChildThread] WARNING: pipe error: 109: file z:/task_1563383129/build/src/ipc/chromium/src/chrome/common/ipc_channel_win.cc, line 341
7月 30, 2019 10:05:26.49 [Child 4904, Chrome_ChildThread] WARNING: pipe error: 109: file z:/task_1563383129/build/src/ipc/chromium/src/chrome/common/ipc_channel_win.cc, line 341
7月 30, 2019 10:05:26.49 [Child 4904, Chrome_ChildThread] WARNING: pipe error: 109: file z:/task_1563383129/build/src/ipc/chromium/src/chrome/common/ipc_channel_win.cc, line 341
7月 30, 2019 10:05:26.49 [Child 10620, Chrome_ChildThread] WARNING: pipe error: 109: file z:/task_1563383129/build/src/ipc/chromium/src/chrome/common/ipc_channel_win.cc, line 341
7月 30, 2019 10:05:26.49 [Child 10620, Chrome_ChildThread] WARNING: pipe error: 109: file z:/task_1563383129/build/src/ipc/chromium/src/chrome/common/ipc_channel_win.cc, line 341
7月 30, 2019 10:05:26.49 [Parent 6676, Gecko_IOThread] WARNING: pipe error: 109: file z:/task_1563383129/build/src/ipc/chromium/src/chrome/common/ipc_channel_win.cc, line 341
7月 30, 2019 10:06:48.45 [Child 11960, Chrome_ChildThr[Child 3460, Chrome_ChildThread] WARNING: pipe error: 109: file z:/task_1563383129/bu[Child 10048, Chrome_ChildThread] WARNING: pipe error: 109: file z:/task_1563383129/build/src/ipc/chromium/src/chrome/common/ipc_channel_w[Parent 6676, Gecko_IOThread] WARNING: pipe error: 109: file z:/task_1563383129/build/src/ipc/chromium/src/chrome/common/ipc_channel_win.cc, line 341
7月 30, 2019 10:06:48.45 [Child 6548, Chrome_ChildThread] WARNING: pipe error: 109: file z:/task_1563383129/build/src/ipc/chromium/src/chrome/common/ipc_channel_win.cc, line 341
7月 30, 2019 10:06:48.45 [Child 6548, Chrome_ChildThread] WARNING: pipe error: 109: file z:/task_1563383129/build/src/ipc/chromium/src/chrome/common/ipc_channel_win.cc, line 341
7月 30, 2019 10:06:48.45 [Child 4628, Chrome_ChildThread] WARNING: pipe error: 109: file z:/task_1563383129/build/src/ipc/chromium/src/chrome/common/ipc_channel_win.cc, line 341
7月 30, 2019 10:06:48.45 [Child 4628, Chrome_ChildThread] WARNING: pipe error: 109: file z:/task_1563383129/build/src/ipc/chromium/src/chrome/common/ipc_channel_win.cc, line 341
7月 30, 2019 10:11:15.68 [Parent 6676, Gecko_IOThread] WARNING: pipe error: 109: file z:/task_1563383129/build/src/ipc/chromium/src/chrome/common/ipc_channel_win.cc, line 341
7月 30, 2019 10:39:15.66 [Parent 6676, Gecko_IOThread] WARNING: pipe error: 109: file z:/task_1563383129/build/src/ipc/chromium/src/chrome/common/ipc_channel_win.cc, line 341
7月 30, 2019 10:39:15.66 [Parent 6676, Gecko_IOThread] WARNING: pipe error: 109: file z:/task_1563383129/build/src/ipc/chromium/src/chrome/common/ipc_channel_win.cc, line 341
7月 30, 2019 10:39:15.67 [Parent 6676, Gecko_IOThread] WARNING: pipe error: 109: file z:/task_1563383129/build/src/ipc/chromium/src/chrome/common/ipc_channel_win.cc, line 341
7月 30, 2019 10:39:16.03 
7月 30, 2019 10:39:16.03 ###!!! [Child][MessageChannel::SendAndWait] Error: Channel error: cannot send/recv
7月 30, 2019 10:39:16.04 
7月 30, 2019 10:56:41.26 [Parent 13848, Gecko_IOThread] WARNING: pipe error: 109: file z:/task_1563383129/build/src/ipc/chromium/src/chrome/common/ipc_channel_win.cc, line 341
7月 30, 2019 10:56:41.27 [Parent 13848, Gecko_IOThread] WARNING: pipe error: 109: file z:/task_1563383129/build/src/ipc/chromium/src/chrome/common/ipc_channel_win.cc, line 341
7月 30, 2019 10:56:41.27 [Child 12460, Chrome_ChildThread] WARNING: pipe error: 109: file z:/task_1563383129/build/src/ipc/chromium/src/chrome/common/ipc_channel_win.cc, line 341
7月 30, 2019 10:56:41.27 [Child 12460, Chrome_ChildThread] WARNING: pipe error: 109[: file z:/task_156338312C9/build/src/iphic/chrolmium/src/chrome/cod mmon/ipc_1channel366_8, Chrome_ChildThread] WARNING: pipe error: 109: file z:/task_1563383129/build/src/ipc/chromium/src/chrome/common/ipc_channel_win.cc, line 341
7月 30, 2019 10:56:41.27 [Child 13668, Chrome_ChildThread] [Parent 13848, Gecko_IOThread] WARNING: pipe error: 109: file z:/task_1563383129/build/src/ipc/chromium/src/chrome/common/ipc_channel_win.cc, line 341
7月 30, 2019 10:56:41.27 [Child 14268, Chrome_ChildThread] WARNING: pipe error: 109: file z:/task_1563383129/build/src/ipc/chromium/src/chrome/common/ipc_channel_win.cc, line 341
7月 30, 2019 10:56:41.38 [Child 14268, Chrome_ChildThread] WARNIN[Parent 13848, Gecko_IOThread] WARNING: pipe error: 109: file z:/task_1563383129/build/src/ipc/chromium/src/chrome/common/ipc_channel_win.cc, line 341
7月 30, 2019 10:56:41.38 [Parent 13848, Gecko_IOThread] WARNING: pipe error: 109: file z:/task_1563383129/build/src/ipc/chromium/src/chrome/common/ipc_channel_win.cc, line 341
7月 30, 2019 10:56:41.38 [Parent 13848, Gecko_IOThread] WARNING: pipe error: 109: file z:/task_1563383129/build/src/ipc/chromium/src/chrome/common/ipc_channel_win.cc, line 341
7月 30, 2019 10:56:41.38 [Child 10316, Chrome_ChildThread] WARNING: pipe error: 109: file z:/task_1563383129/build/src/ipc/chromium/src/chrome/common/ipc_channel_win.cc, line 341
7月 30, 2019 10:56:41.38 [Child 10316, Chrome_ChildTh[Chreild ad5464] , WAChRNIromNGe_: ChpiilpedT erhreroadr:]  1WAR09NI: NGfi: pleip z:/te asek_rr15or633831: 109: file z:29/t/buasik_1563383129/bld/uisrcld/i/spcrc//ciphrc/ocmiuhrm/omsrciu/cm/hrosrc/cme/commonhro/ipc_cme/hannelco_mmwinon/ipc_ch.annecc, lilne_ 3w41
7月 30, 2019 10:56:41.38 in.cc, line 341
7月 30, 2019 10:56:41.38 [Child 5464, Chrome_ChildThread] WARNING: pipe error: 109: file z:/task_1563383129/build/src/ipc/chromium/src/chrome/common/ipc_channel_win.cc, line 341
7月 30, 2019 10:56:41.38 [Child 13660, Chrome_ChildThread] WARNING: pipe error: 109: file z:/task_1563383129/build/src/ipc/chromium/src/chrome/common/ipc_channel_win.cc, line 341
7月 30, 2019 11:03:14.74 [Child 13660, Chrome_ChildThread] WARNING: pipe error: 109: file z:/task_15633[Parent 13848, Gecko_IOThread] WARNING: pipe error: 109: file z:/task_1563383129/build/src/ipc/chromium/src/chrome/common/ipc_channel_win.cc, line 341
7月 30, 2019 11:03:14.75 [Parent 13848, Gecko_IOThread] WARNING: pipe error: 109: file z:/task_1563383129/build/src/ipc/chromium/src/chrome/common/ipc_channel_win.cc, line 341
7月 30, 2019 11:03:14.75 [Parent 13848, Gecko_IOThread] WARNING: pipe error: 109: file z:/task_1563383129/build/src/ipc/chromium/src/chrome/common/ipc_channel_win.cc, line 341
7月 30, 2019 11:03:14.80 [Child 7132, Chrome_ChildThread] WARNING: pipe error: 109: file z:/task_1563383129/build/src/ipc/chromium/src/chrome/common/ipc_channel_win.cc, line 341
7月 30, 2019 11:03:14.96 [GPU 10304, Chrome_ChildThread] WARNING: pipe error: 109: file z:/task_1563383129/build/src/ipc/chromium/src/chrome/common/ipc_channel_win.cc, line 341
7月 30, 2019 11:03:15.01 
7月 30, 2019 11:03:15.01 ###!!! [Child][MessageChannel::SendAndWait] Error: Channel error: cannot send/recv
7月 30, 2019 11:03:15.01 
7月 30, 2019 11:30:37.40 [Parent 8440, Gecko_IOThread] WARNING: pipe error: 109: file z:/task_1563383129/build/src/ipc/chromium/src/chrome/common/ipc_channel_win.cc, line 341
7月 30, 2019 11:30:37.40 [Parent 8440, Gecko_IOThread] WARNING: pipe error: 109: file z:/task_1563383129/build/src/ipc/chromium/src/chrome/common/ipc_channel_win.cc, line 341
7月 30, 2019 11:30:37.41 [Parent 8440, Gecko_IOThread] WARNING: pipe error: 109: file z:/task_1563383129/build/src/ipc/chromium/src/chrome/common/ipc_channel_win.cc, line 341
7月 30, 2019 11:30:37.42 [Child 4288, Chrome_ChildThread] WARNING: pipe error: 109: file z:/task_1563383129/build/src/ipc/chromium/src/chrome/common/ipc_channel_win.cc, line 341
7月 30, 2019 11:30:37.42 [Child 4288, Chrome_ChildThread] WARNING: pipe error: 109: file z:/task_1563383129/build/src/ipc/chromium/src/chrome/common/ipc_channel_win.cc, line 341
7月 30, 2019 11:30:37.42 [Child 7544, Chrome_ChildThread] WARNING: pipe error: 109: file z:/task_1563383129/build/src/ipc/chromium/src/chrome/common/ipc_channel_win.cc, line 341
7月 30, 2019 11:30:37.42 [Child 7544, Chrome_ChildThread] WARNING: pipe error: 109: file z:/task_1563383129/build/src/ipc/chromium/src/chrome/common/ipc_channel_win.cc, line 341
7月 30, 2019 11:30:37.42 [Child 8148, Chrome_ChildThread] WARNING: pipe error: 109: file z:/task_1563383129/build/src/ipc/chromium/src/chrome/common/ipc_channel_win.cc, line 341
7月 30, 2019 11:30:37.53 [Child 8148, Chrome_ChildThread] WARNING: pipe error: 109: file z:/task_1563383129/build/src/ipc/chromium/src/chrome/common/ipc_channel_
7月 30, 2019 11:30:37.53 ###!!! [Child][RunMessage] Error: Channel closing: too late to send/recv, messages will be lost
7月 30, 2019 11:30:37.53 
7月 30, 2019 11:30:37.57 [GPU 10872, Chrome_ChildThread] WARNING: pipe error: 109: file z:/task_1563383129/build/src/ipc/chromium/s
7月 30, 2019 11:30:37.57 ###!!! [Child][MessageChannel::SendAndWait] Error: Channel error: cannot send/recv
7月 30, 2019 11:30:37.57 
7月 30, 2019 11:50:38.93 [Parent 2696, Gecko_IOThread] WARNING: pipe error: 109: file z:/task_1563383129/build/src/ipc/chromium/src/chrome/common/ipc_channel_win.cc, line 341
7月 30, 2019 11:50:38.93 [Parent 2696, Gecko_IOThread] WARNING: pipe error: 109: file z:/task_1563383129/build/src/ipc/chromium/src/chrome/common/ipc_channel_win.cc, line 341
7月 30, 2019 11:50:38.93 [Parent 2696, Gecko_IOThread] WARNING: pipe error: 109: file z:/task_1563383129/build/src/ipc/chromium/src/chrome/common/ipc_channel_win.cc, line 341
7月 30, 2019 11:50:38.94 [Child 1736, Chrome_ChildThread] WARNING: pipe error: 109: file z:/task_1563383129/build/src/ipc/chromium/src/chrome/common/ipc_channel_win.cc, line 341
7月 30, 2019 11:50:38.94 [Parent 2696, Gecko_IOThread] WARNING: pipe error: 109: file z:/task_1563383129/build/src/ipc/chromium/src/chrome/common/ipc_channel_win.cc, line 341
7月 30, 2019 11:50:38.94 [Child 12168, Chrome_ChildThread] WARNING: pipe error: 109: file z:/task_1563383129/build/src/ipc/chromium/src/chrome/common/ipc_channel_win.cc, line 341
7月 30, 2019 11:50:38.94 [Child 5020, Chrome_ChildThread] WARNING: pipe error: 109: file z:/task_1563383129/build/src/ipc/chromium/src/chrome/common/ipc_channel_win.cc, line 341
7月 30, 2019 11:50:38.95 [Child 4892, Chrome_ChildThread] WARNING: pipe error: 109: file z:/task_1563383129/build/src/ipc/chromium/src/chrome/common/ipc_channel_win.cc, line 341
7月 30, 2019 11:50:38.95 [Child 4892, Chrome_ChildThread] WARNING: pipe error: 109: file z:/task_1563383129/build/src/ipc/chromium/src/chrome/common/ipc_channel_win.cc, line 341
7月 30, 2019 11:50:38.95 [Child 12984, Chrome_ChildThread] WARNING: pipe error: 109: file z:/task_1563383129/build/src/ipc/chromium/src/chrome/common/ipc_channel_win.cc, line 341
7月 30, 2019 11:50:38.95 [Child 12984, Chrome_ChildThread] WARNING: pipe error: 109: file z:/task_1563383129/build/src/ipc/chromium/src/chrome/common/ipc_channel_win.cc, line 341
7月 30, 2019 11:50:38.98 [Parent 2696, Gecko_IOThread] WARNING: pipe error: 109: file z:/task_1563383129/build/src/ipc/chromium/src/chrome/common/ipc_channel_win.cc, line 341
7月 30, 2019 11:50:39.08 
7月 30, 2019 11:50:39.08 ###!!! [Child][RunMessage] Error: Channel closing: too late to send/recv, messages will be lost
7月 30, 2019 11:50:39.08 
7月 30, 2019 11:50:39.08 [GPU 13788, Chrome_ChildThread] WARNING: pipe error: 109: file z:/task_1563383129/build/src/ipc/chromium/sr
7月 30, 2019 11:50:39.08 ###!!! [Parent][RunMessage] Error: Channel closing: too late to send/recv, messages will be lost
7月 30, 2019 11:50:39.08 
7月 30, 2019 11:50:39.10 
7月 30, 2019 11:50:39.10 ###!!! [Child][MessageChannel::SendAndWait] Error: Channel error: cannot send/recv
7月 30, 2019 11:50:39.10 
7月 30, 2019 12:03:18.39 [Parent 10836, Gecko_IOThread] WARNING: pipe error: 109: file z:/task_1563383129/build/src/ipc/chromium/src/chrome/common/ipc_channel_win.cc, line 341
7月 30, 2019 12:03:18.39 [Parent 10836, Gecko_IOThread] WARNING: pipe error: 109: file z:/task_1563383129/build/src/ipc/chromium/src/chrome/common/ipc_channel_win.cc, line 341
7月 30, 2019 12:03:18.39 [Parent 10836, Gecko_IOThread] WARNING: pipe error: 109: file z:/task_1563383129/build/src/ipc/chromium/src/chrome/common/ipc_channel_win.cc, line 341
7月 30, 2019 12:03:18.40 [Parent 10836, Gecko_IOThread] WARNING: pipe error: 109: file z:/task_1563383129/build/src/ipc/chromium/src/chrome/common/ipc_channel_win.cc, line 341
7月 30, 2019 12:03:18.40 [Child 12552, Chrome_ChildThread] WARNING: pipe error: 109: file z:/task_1563383129/build/src/ipc/chromium/src/chrome/common/ipc_channel_win.cc, line 341
7月 30, 2019 12:03:18.40 [Child 10700, Chrome_ChildThread] WARNING: pipe error: 109: file z:/task_1563383129/build/src/ipc/chromium/src/chrome/common/ipc_channel_win.cc, line 341
7月 30, 2019 12:03:18.51 
7月 30, 2019 12:03:18.51 ###!!! [Child][RunMessage] Error: Channel closing: too late to send/recv, messages will be lost
7月 30, 2019 12:03:18.51 
7月 30, 2019 12:03:18.53 [GPU 14376, Chrome_ChildThread] WARNING: pipe error:
7月 30, 2019 12:03:18.53 ###!!! [Child][MessageChannel::SendAndWait] Error: Channel error: cannot send/recv
7月 30, 2019 12:03:18.53 

7月 30, 2019 12:49:26.09 NEW SESSION
7月 30, 2019 12:49:26.09 [Parent 8128, Gecko_IOThread] WARNING: pipe error: 109: file z:/task_1563383129/build/src/ipc/chromium/src/chrome/common/ipc_channel_win.cc, line 341
7月 30, 2019 12:49:26.18 [Child 10492, Chrome_ChildThread] WARNING: pipe error: 109: file z:/task_1563383129/build/src/ipc/chromium/src/chrome/common/ipc_channel_win.cc, line 341
7月 30, 2019 12:49:26.27 
7月 30, 2019 12:49:26.27 ###!!! [Child][RunMessage] Error: Channel closing: too late to send/recv, messages will be lost
7月 30, 2019 12:49:26.27 
7月 30, 2019 12:49:26.30 
7月 30, 2019 12:49:26.30 ###!!! [Child][MessageChannel::SendAndWait] Error: Channel error: cannot send/recv
7月 30, 2019 12:49:26.30 
